0 info it worked if it ends with ok
1 verbose cli [ 'c:\\Program Files\\nodejs\\node.exe',
1 verbose cli   'C:\\Users\\Behzad88\\AppData\\Roaming\\npm\\node_modules\\npm\\bin\\npm-cli.js',
1 verbose cli   'publish' ]
2 info using npm@4.1.1
3 info using node@v6.9.2
4 verbose publish [ '.' ]
5 silly cache add args [ '.', null ]
6 verbose cache add spec .
7 silly cache add parsed spec Result {
7 silly cache add   raw: '.',
7 silly cache add   scope: null,
7 silly cache add   escapedName: null,
7 silly cache add   name: null,
7 silly cache add   rawSpec: '.',
7 silly cache add   spec: 'c:\\Users\\Behzad88\\Desktop\\aurelia-datatable\\aurelia-infinite-scroll',
7 silly cache add   type: 'directory' }
8 verbose addLocalDirectory C:\Users\Behzad88\AppData\Roaming\npm-cache\aurelia-infinite-scroll-plugin-plugin\0.1.1\package.tgz not in flight; packing
9 verbose correctMkdir C:\Users\Behzad88\AppData\Roaming\npm-cache correctMkdir not in flight; initializing
10 info lifecycle aurelia-infinite-scroll-plugin-plugin@0.1.1~prepublish: aurelia-infinite-scroll-plugin-plugin@0.1.1
11 silly lifecycle aurelia-infinite-scroll-plugin-plugin@0.1.1~prepublish: no script for prepublish, continuing
12 info lifecycle aurelia-infinite-scroll-plugin-plugin@0.1.1~prepare: aurelia-infinite-scroll-plugin-plugin@0.1.1
13 silly lifecycle aurelia-infinite-scroll-plugin-plugin@0.1.1~prepare: no script for prepare, continuing
14 verbose tar pack [ 'C:\\Users\\Behzad88\\AppData\\Roaming\\npm-cache\\aurelia-infinite-scroll-plugin-plugin\\0.1.1\\package.tgz',
14 verbose tar pack   'c:\\Users\\Behzad88\\Desktop\\aurelia-datatable\\aurelia-infinite-scroll' ]
15 verbose tarball C:\Users\Behzad88\AppData\Roaming\npm-cache\aurelia-infinite-scroll-plugin-plugin\0.1.1\package.tgz
16 verbose folder c:\Users\Behzad88\Desktop\aurelia-datatable\aurelia-infinite-scroll
17 verbose addLocalTarball adding from inside cache C:\Users\Behzad88\AppData\Roaming\npm-cache\aurelia-infinite-scroll-plugin-plugin\0.1.1\package.tgz
18 verbose correctMkdir C:\Users\Behzad88\AppData\Roaming\npm-cache correctMkdir not in flight; initializing
19 silly cache afterAdd aurelia-infinite-scroll-plugin-plugin@0.1.1
20 verbose afterAdd C:\Users\Behzad88\AppData\Roaming\npm-cache\aurelia-infinite-scroll-plugin-plugin\0.1.1\package\package.json not in flight; writing
21 verbose correctMkdir C:\Users\Behzad88\AppData\Roaming\npm-cache correctMkdir not in flight; initializing
22 verbose afterAdd C:\Users\Behzad88\AppData\Roaming\npm-cache\aurelia-infinite-scroll-plugin-plugin\0.1.1\package\package.json written
23 silly publish { name: 'aurelia-infinite-scroll-plugin-plugin',
23 silly publish   version: '0.1.1',
23 silly publish   description: 'Aurelia infinite scroll plugin',
23 silly publish   keywords: [ 'aurelia', 'infinite-scroll', 'plugin' ],
23 silly publish   homepage: 'https://github.com/behzad888/aurelia-infinite-scroll-plugin#readme',
23 silly publish   main: 'dist/commonjs/aurelia-infinite-scroll-plugin.js',
23 silly publish   typings: 'dist/aurelia-infinite-scroll-plugin.d.ts',
23 silly publish   repository:
23 silly publish    { type: 'git',
23 silly publish      url: 'git+https://github.com/behzad888/aurelia-infinite-scroll-plugin.git' },
23 silly publish   author: { name: 'Behzad Abbasi', url: 'behzad888' },
23 silly publish   contributors: [ { name: 'Behzad Abbasi', url: 'behzad888' } ],
23 silly publish   license: 'MIT',
23 silly publish   bugs: { url: 'https://github.com/behzad888/aurelia-infinite-scroll-plugin/issues' },
23 silly publish   scripts:
23 silly publish    { test: 'gulp test',
23 silly publish      build: 'gulp build',
23 silly publish      preversion: 'npm test',
23 silly publish      version: 'npm run build && gulp prepare-package && git add -A dist doc/CHANGELOG.md bower.json',
23 silly publish      postpublish: 'git push upstream master && git push upstream --tags' },
23 silly publish   jspm:
23 silly publish    { registry: 'npm',
23 silly publish      jspmPackage: true,
23 silly publish      main: 'aurelia-infinite-scroll-plugin',
23 silly publish      format: 'amd',
23 silly publish      directories: { dist: 'dist/amd' },
23 silly publish      dependencies: { 'aurelia-dependency-injection': '^1.0.0' },
23 silly publish      peerDependencies: { 'aurelia-dependency-injection': '^1.0.0' },
23 silly publish      devDependencies:
23 silly publish       { 'aurelia-dependency-injection': '^1.0.0',
23 silly publish         'aurelia-pal-browser': '^1.0.0',
23 silly publish         'aurelia-polyfills': '^1.0.0',
23 silly publish         fetch: 'github:github/fetch@^1.0.0' } },
23 silly publish   dependencies: { 'aurelia-dependency-injection': '^1.0.0' },
23 silly publish   devDependencies: { 'spoonx-tools': '^1.0.0-0' },
23 silly publish   aurelia: { build: { resources: [Object] } },
23 silly publish   readme: '# aurelia-infinite-scroll-plugin\r\n\r\nAurelia infinite scroll plugin\r\n\r\n## Prerequisites:\r\n\r\nGlobal gulp and jspm installation\r\n\r\n`npm i -g gulp jspm`\r\n\r\n## Installation guideline template\r\n\r\n### Aurelia-Cli\r\n\r\nRun `npm i aurelia-infinite-scroll-plugin --save` from your project root.\r\n\r\naurelia-infinite-scroll-plugin makes use of `extend`. So, add following to the `build.bundles.dependencies` section of `aurelia-project/aurelia.json`.\r\n\r\n```js\r\n"dependencies": [\r\n  // ...\r\n  "extend",\r\n  {\r\n    "name": "aurelia-infinite-scroll-plugin",\r\n    "path": "../node_modules/aurelia-infinite-scroll-plugin/dist/amd",\r\n    "main": "aurelia-infinite-scroll-plugin",\r\n    "resources": []\r\n  },\r\n  // ...\r\n],\r\n```\r\n\r\n### Jspm\r\n\r\nRun `jspm i aurelia-infinite-scroll-plugin` from your project root.\r\n\r\nAdd following to the desired `includes` section of `build/bundles.js`, eg:\r\n\r\n```js\r\n"aurelia": {\r\n  "includes": [\r\n    //...\r\n    "aurelia-infinite-scroll-plugin",\r\n    "[aurelia-infinite-scroll-plugin/**/*.js]"\r\n    //...\r\n  ]\r\n}\r\n```\r\n\r\nIf the installation results in having forks, try resolving them by running:\r\n\r\n```sh\r\njspm inspect --forks\r\njspm resolve --only registry:package-name@version\r\n```\r\n\r\n### Webpack\r\n\r\nRun `npm i aurelia-infinite-scroll-plugin --save` from your project root.\r\n\r\nAnd add `aurelia-infinite-scroll-plugin` in the `coreBundles.aurelia` section of your `webpack.config.js`.\r\n\r\n### Typescript\r\n\r\nNpm-based installations pick up the typings automatically. For Jspm-based installations, run `typings i github:behzad888/aurelia-infinite-scroll-plugin` or add `"aurelia-infinite-scroll-plugin": "github:behzad888/aurelia-infinite-scroll-plugin",` to your `typings.json` and run `typings i`.\r\n',
23 silly publish   readmeFilename: 'README.md',
23 silly publish   gitHead: 'cd82c9152839a096397d40c801b16ffb45a76877',
23 silly publish   _id: 'aurelia-infinite-scroll-plugin-plugin@0.1.1',
23 silly publish   _shasum: '660b083863494af045c9637e56bf59b1e1aaf4f8',
23 silly publish   _from: '.' }
24 info lifecycle aurelia-infinite-scroll-plugin-plugin@0.1.1~prepublishOnly: aurelia-infinite-scroll-plugin-plugin@0.1.1
25 silly lifecycle aurelia-infinite-scroll-plugin-plugin@0.1.1~prepublishOnly: no script for prepublishOnly, continuing
26 verbose getPublishConfig undefined
27 silly mapToRegistry name aurelia-infinite-scroll-plugin-plugin
28 silly mapToRegistry using default registry
29 silly mapToRegistry registry https://registry.npmjs.org/
30 silly mapToRegistry data Result {
30 silly mapToRegistry   raw: 'aurelia-infinite-scroll-plugin-plugin',
30 silly mapToRegistry   scope: null,
30 silly mapToRegistry   escapedName: 'aurelia-infinite-scroll-plugin-plugin',
30 silly mapToRegistry   name: 'aurelia-infinite-scroll-plugin-plugin',
30 silly mapToRegistry   rawSpec: '',
30 silly mapToRegistry   spec: 'latest',
30 silly mapToRegistry   type: 'tag' }
31 silly mapToRegistry uri https://registry.npmjs.org/aurelia-infinite-scroll-plugin-plugin
32 verbose publish registryBase https://registry.npmjs.org/
33 silly publish uploading C:\Users\Behzad88\AppData\Roaming\npm-cache\aurelia-infinite-scroll-plugin-plugin\0.1.1\package.tgz
34 verbose request uri https://registry.npmjs.org/aurelia-infinite-scroll-plugin-plugin
35 verbose request sending authorization for write operation
36 info attempt registry request try #1 at 10:52:35 AM
37 verbose request using bearer token for auth
38 verbose request id 54c01512693b75a9
39 http request PUT https://registry.npmjs.org/aurelia-infinite-scroll-plugin-plugin
40 http 200 https://registry.npmjs.org/aurelia-infinite-scroll-plugin-plugin
41 verbose headers { 'content-type': 'application/json',
41 verbose headers   'content-encoding': 'gzip',
41 verbose headers   'cache-control': 'max-age=300',
41 verbose headers   'transfer-encoding': 'chunked',
41 verbose headers   'accept-ranges': 'bytes',
41 verbose headers   date: 'Sat, 25 Feb 2017 07:22:37 GMT',
41 verbose headers   via: '1.1 varnish',
41 verbose headers   connection: 'keep-alive',
41 verbose headers   'x-served-by': 'cache-jfk8151-JFK',
41 verbose headers   'x-cache': 'MISS',
41 verbose headers   'x-cache-hits': '0',
41 verbose headers   'x-timer': 'S1488007355.674680,VS0,VE1845',
41 verbose headers   vary: 'Accept-Encoding' }
42 verbose request invalidating C:\Users\Behzad88\AppData\Roaming\npm-cache\registry.npmjs.org\aurelia-infinite-scroll-plugin-plugin on PUT
43 info lifecycle aurelia-infinite-scroll-plugin-plugin@0.1.1~publish: aurelia-infinite-scroll-plugin-plugin@0.1.1
44 silly lifecycle aurelia-infinite-scroll-plugin-plugin@0.1.1~publish: no script for publish, continuing
45 info lifecycle aurelia-infinite-scroll-plugin-plugin@0.1.1~postpublish: aurelia-infinite-scroll-plugin-plugin@0.1.1
46 verbose lifecycle aurelia-infinite-scroll-plugin-plugin@0.1.1~postpublish: unsafe-perm in lifecycle true
47 verbose lifecycle aurelia-infinite-scroll-plugin-plugin@0.1.1~postpublish: PATH: C:\Users\Behzad88\AppData\Roaming\npm\node_modules\npm\bin\node-gyp-bin;c:\Users\Behzad88\Desktop\aurelia-datatable\aurelia-infinite-scroll\node_modules\.bin;C:\Program Files (x86)\Git\local\bin;C:\Program Files (x86)\Git\bin;C:\Program Files (x86)\Git\local\sbin;c:\utils\git\bin;c:\ruby\193\bin;c:\utils\mercurial;C:\Program Files (x86)\Git\local\bin\vim.exe;c:\Users\Behzad88\bin;.;C:\Program Files (x86)\Git\local\bin;C:\Program Files (x86)\Git\mingw\bin;C:\Program Files (x86)\Git\bin;C:\Program Files (x86)\Git\bin;c:\Python27;c:\Python27\Scripts;c:\ProgramData\Oracle\Java\javapath;c:\Windows\system32;c:\Windows;c:\Windows\System32\Wbem;c:\Windows\System32\WindowsPowerShell\v1.0\;c:\Program Files (x86)\ATI Technologies\ATI.ACE\Core-Static;d\Android\SDK\tools;d\Android\SDK\platform-tools;d\Soft\Android\apache-ant-1.9.7\bin;d\Android\SDK;c:\Ruby23-x64\bin;c:\Users\Behzad88\AppData\Roaming\nvm;c:\Program Files\nodejs;c:\Users\Behzad88\.rvm\rvm-stable\rvm\scripts;d\Android\SDK\platform-tools;c:\Program Files (x86)\Microsoft VS Code\bin;c:\Users\Behzad88\AppData\Roaming\npm;c:\Program Files\Git\bin;c:\Users\Behzad88\AppData\Local\atom\bin
48 verbose lifecycle aurelia-infinite-scroll-plugin-plugin@0.1.1~postpublish: CWD: .
49 silly lifecycle aurelia-infinite-scroll-plugin-plugin@0.1.1~postpublish: Args: [ '/d /s /c',
49 silly lifecycle   'git push upstream master && git push upstream --tags' ]
50 silly lifecycle aurelia-infinite-scroll-plugin-plugin@0.1.1~postpublish: Returned: code: 128  signal: null
51 info lifecycle aurelia-infinite-scroll-plugin-plugin@0.1.1~postpublish: Failed to exec postpublish script
52 verbose stack Error: aurelia-infinite-scroll-plugin-plugin@0.1.1 postpublish: `git push upstream master && git push upstream --tags`
52 verbose stack Exit status 128
52 verbose stack     at EventEmitter.<anonymous> (C:\Users\Behzad88\AppData\Roaming\npm\node_modules\npm\lib\utils\lifecycle.js:279:16)
52 verbose stack     at emitTwo (events.js:106:13)
52 verbose stack     at EventEmitter.emit (events.js:191:7)
52 verbose stack     at ChildProcess.<anonymous> (C:\Users\Behzad88\AppData\Roaming\npm\node_modules\npm\lib\utils\spawn.js:40:14)
52 verbose stack     at emitTwo (events.js:106:13)
52 verbose stack     at ChildProcess.emit (events.js:191:7)
52 verbose stack     at maybeClose (internal/child_process.js:877:16)
52 verbose stack     at Process.ChildProcess._handle.onexit (internal/child_process.js:226:5)
53 verbose pkgid aurelia-infinite-scroll-plugin-plugin@0.1.1
54 verbose cwd c:\Users\Behzad88\Desktop\aurelia-datatable\aurelia-infinite-scroll
55 error Windows_NT 6.3.9600
56 error argv "c:\\Program Files\\nodejs\\node.exe" "C:\\Users\\Behzad88\\AppData\\Roaming\\npm\\node_modules\\npm\\bin\\npm-cli.js" "publish"
57 error node v6.9.2
58 error npm  v4.1.1
59 error code ELIFECYCLE
60 error aurelia-infinite-scroll-plugin-plugin@0.1.1 postpublish: `git push upstream master && git push upstream --tags`
60 error Exit status 128
61 error Failed at the aurelia-infinite-scroll-plugin-plugin@0.1.1 postpublish script 'git push upstream master && git push upstream --tags'.
61 error Make sure you have the latest version of node.js and npm installed.
61 error If you do, this is most likely a problem with the aurelia-infinite-scroll-plugin-plugin package,
61 error not with npm itself.
61 error Tell the author that this fails on your system:
61 error     git push upstream master && git push upstream --tags
61 error You can get information on how to open an issue for this project with:
61 error     npm bugs aurelia-infinite-scroll-plugin-plugin
61 error Or if that isn't available, you can get their info via:
61 error     npm owner ls aurelia-infinite-scroll-plugin-plugin
61 error There is likely additional logging output above.
62 verbose exit [ 1, true ]
